Determining if the pthread_create exist failed with the following output:
Change Dir: /home/hz17842/tracking_ws/build/CMakeFiles/CMakeTmp

Run Build Command:"/usr/bin/make" "cmTC_930ef/fast"
/usr/bin/make -f CMakeFiles/cmTC_930ef.dir/build.make CMakeFiles/cmTC_930ef.dir/build
make[1]: Entering directory '/home/hz17842/tracking_ws/build/CMakeFiles/CMakeTmp'
Building C object CMakeFiles/cmTC_930ef.dir/CheckSymbolExists.c.o
/usr/bin/cc     -o CMakeFiles/cmTC_930ef.dir/CheckSymbolExists.c.o   -c /home/hz17842/tracking_ws/build/CMakeFiles/CMakeTmp/CheckSymbolExists.c
Linking C executable cmTC_930ef
/usr/bin/cmake -E cmake_link_script CMakeFiles/cmTC_930ef.dir/link.txt --verbose=1
/usr/bin/cc       CMakeFiles/cmTC_930ef.dir/CheckSymbolExists.c.o  -o cmTC_930ef -rdynamic 
CMakeFiles/cmTC_930ef.dir/CheckSymbolExists.c.o: In function `main':
CheckSymbolExists.c:(.text+0x16): undefined reference to `pthread_create'
collect2: error: ld returned 1 exit status
CMakeFiles/cmTC_930ef.dir/build.make:97: recipe for target 'cmTC_930ef' failed
make[1]: *** [cmTC_930ef] Error 1
make[1]: Leaving directory '/home/hz17842/tracking_ws/build/CMakeFiles/CMakeTmp'
Makefile:126: recipe for target 'cmTC_930ef/fast' failed
make: *** [cmTC_930ef/fast] Error 2

File /home/hz17842/tracking_ws/build/CMakeFiles/CMakeTmp/CheckSymbolExists.c:
/* */
#include <pthread.h>

int main(int argc, char** argv)
{
  (void)argv;
#ifndef pthread_create
  return ((int*)(&pthread_create))[argc];
#else
  (void)argc;
  return 0;
#endif
}

Determining if the function pthread_create exists in the pthreads failed with the following output:
Change Dir: /home/hz17842/tracking_ws/build/CMakeFiles/CMakeTmp

Run Build Command:"/usr/bin/make" "cmTC_09d18/fast"
/usr/bin/make -f CMakeFiles/cmTC_09d18.dir/build.make CMakeFiles/cmTC_09d18.dir/build
make[1]: Entering directory '/home/hz17842/tracking_ws/build/CMakeFiles/CMakeTmp'
Building C object CMakeFiles/cmTC_09d18.dir/CheckFunctionExists.c.o
/usr/bin/cc    -DCHECK_FUNCTION_EXISTS=pthread_create   -o CMakeFiles/cmTC_09d18.dir/CheckFunctionExists.c.o   -c /usr/share/cmake-3.5/Modules/CheckFunctionExists.c
Linking C executable cmTC_09d18
/usr/bin/cmake -E cmake_link_script CMakeFiles/cmTC_09d18.dir/link.txt --verbose=1
/usr/bin/cc   -DCHECK_FUNCTION_EXISTS=pthread_create    CMakeFiles/cmTC_09d18.dir/CheckFunctionExists.c.o  -o cmTC_09d18 -rdynamic -lpthreads 
/usr/bin/ld: cannot find -lpthreads
collect2: error: ld returned 1 exit status
CMakeFiles/cmTC_09d18.dir/build.make:97: recipe for target 'cmTC_09d18' failed
make[1]: *** [cmTC_09d18] Error 1
make[1]: Leaving directory '/home/hz17842/tracking_ws/build/CMakeFiles/CMakeTmp'
Makefile:126: recipe for target 'cmTC_09d18/fast' failed
make: *** [cmTC_09d18/fast] Error 2


